This file contains any messages produced by compilers while
running configure, to aid debugging if configure makes a mistake.

It was created by libatomic_ops configure 7.2alpha5, which was
generated by GNU Autoconf 2.68.  Invocation command line was

  $ ./configure --disable-option-checking --prefix=/usr/local --enable-threads=posix --enable-thread-local-alloc --enable-parallel-mark --cache-file=/dev/null --srcdir=.

## --------- ##
## Platform. ##
## --------- ##

hostname = peach
uname -m = x86_64
uname -r = 10.7.4
uname -s = Darwin
uname -v = Darwin Kernel Version 10.7.4: Mon Apr 18 21:24:17 PDT 2011; root:xnu-1504.14.12~3/RELEASE_X86_64

/usr/bin/uname -p = i386
/bin/uname -X     = unknown

/bin/arch              = unknown
/usr/bin/arch -k       = unknown
/usr/convex/getsysinfo = unknown
/usr/bin/hostinfo      = Mach kernel version:
	 Darwin Kernel Version 10.7.4: Mon Apr 18 21:24:17 PDT 2011; root:xnu-1504.14.12~3/RELEASE_X86_64
Kernel configured for up to 8 processors.
4 processors are physically available.
8 processors are logically available.
Processor type: i486 (Intel 80486)
Processors active: 0 1 2 3 4 5 6 7
Primary memory available: 8.00 gigabytes
Default processor set: 86 tasks, 463 threads, 8 processors
Load average: 1.42, Mach factor: 6.56
/bin/machine           = unknown
/usr/bin/oslevel       = unknown
/bin/universe          = unknown

PATH: /sw/bin
PATH: /sw/sbin
PATH: /Library/Frameworks/Python.framework/Versions/2.6/bin
PATH: /usr/bin
PATH: /bin
PATH: /usr/sbin
PATH: /sbin
PATH: /usr/local/bin
PATH: /usr/X11/bin
PATH: /sw/bin
PATH: /usr/X11R6/bin


## ----------- ##
## Core tests. ##
## ----------- ##

configure:2088: checking build system type
configure:2102: result: x86_64-apple-darwin10.7.4
configure:2122: checking host system type
configure:2135: result: x86_64-apple-darwin10.7.4
configure:2155: checking target system type
configure:2168: result: x86_64-apple-darwin10.7.4
configure:2211: checking for a BSD-compatible install
configure:2279: result: /usr/bin/install -c
configure:2290: checking whether build environment is sane
configure:2340: result: yes
configure:2481: checking for a thread-safe mkdir -p
configure:2520: result: ./install-sh -c -d
configure:2533: checking for gawk
configure:2563: result: no
configure:2533: checking for mawk
configure:2563: result: no
configure:2533: checking for nawk
configure:2563: result: no
configure:2533: checking for awk
configure:2549: found /usr/bin/awk
configure:2560: result: awk
configure:2571: checking whether make sets $(MAKE)
configure:2593: result: yes
configure:2716: checking for ranlib
configure:2732: found /usr/bin/ranlib
configure:2743: result: ranlib
configure:2782: checking for style of include used by make
configure:2810: result: GNU
configure:2880: checking for gcc
configure:2896: found /usr/bin/gcc
configure:2907: result: gcc
configure:3136: checking for C compiler version
configure:3145: gcc --version >&5
i686-apple-darwin10-gcc-4.2.1 (GCC) 4.2.1 (Apple Inc. build 5666) (dot 3)
Copyright (C) 2007 Free Software Foundation, Inc.
This is free software; see the source for copying conditions.  There is NO
warranty; not even for MERCHANTABILITY or FITNESS FOR A PARTICULAR PURPOSE.

configure:3156: $? = 0
configure:3145: gcc -v >&5
Using built-in specs.
Target: i686-apple-darwin10
Configured with: /var/tmp/gcc/gcc-5666.3~123/src/configure --disable-checking --enable-werror --prefix=/usr --mandir=/share/man --enable-languages=c,objc,c++,obj-c++ --program-transform-name=/^[cg][^.-]*$/s/$/-4.2/ --with-slibdir=/usr/lib --build=i686-apple-darwin10 --program-prefix=i686-apple-darwin10- --host=x86_64-apple-darwin10 --target=i686-apple-darwin10 --with-gxx-include-dir=/include/c++/4.2.1
Thread model: posix
gcc version 4.2.1 (Apple Inc. build 5666) (dot 3)
configure:3156: $? = 0
configure:3145: gcc -V >&5
gcc-4.2: argument to `-V' is missing
configure:3156: $? = 1
configure:3145: gcc -qversion >&5
i686-apple-darwin10-gcc-4.2.1: no input files
configure:3156: $? = 1
configure:3176: checking whether the C compiler works
configure:3198: gcc    conftest.c  >&5
configure:3202: $? = 0
configure:3250: result: yes
configure:3253: checking for C compiler default output file name
configure:3255: result: a.out
configure:3261: checking for suffix of executables
configure:3268: gcc -o conftest    conftest.c  >&5
configure:3272: $? = 0
configure:3294: result: 
configure:3316: checking whether we are cross compiling
configure:3324: gcc -o conftest    conftest.c  >&5
configure:3328: $? = 0
configure:3335: ./conftest
configure:3339: $? = 0
configure:3354: result: no
configure:3359: checking for suffix of object files
configure:3381: gcc -c   conftest.c >&5
configure:3385: $? = 0
configure:3406: result: o
configure:3410: checking whether we are using the GNU C compiler
configure:3429: gcc -c   conftest.c >&5
configure:3429: $? = 0
configure:3438: result: yes
configure:3447: checking whether gcc accepts -g
configure:3467: gcc -c -g  conftest.c >&5
configure:3467: $? = 0
configure:3508: result: yes
configure:3525: checking for gcc option to accept ISO C89
configure:3589: gcc  -c -g -O2  conftest.c >&5
configure:3589: $? = 0
configure:3602: result: none needed
configure:3624: checking dependency style of gcc
configure:3734: result: gcc3
configure:3750: checking whether gcc and cc understand -c and -o together
configure:3781: gcc -c conftest.c -o conftest2.o >&5
configure:3785: $? = 0
configure:3791: gcc -c conftest.c -o conftest2.o >&5
configure:3795: $? = 0
configure:3806: cc -c conftest.c >&5
configure:3810: $? = 0
configure:3818: cc -c conftest.c -o conftest2.o >&5
configure:3822: $? = 0
configure:3828: cc -c conftest.c -o conftest2.o >&5
configure:3832: $? = 0
configure:3850: result: yes
configure:3884: checking dependency style of gcc
configure:3992: result: gcc3
configure:4015: checking how to run the C preprocessor
configure:4046: gcc -E  conftest.c
configure:4046: $? = 0
configure:4060: gcc -E  conftest.c
conftest.c:11:28: error: ac_nonexistent.h: No such file or directory
configure:4060: $? = 1
configure: failed program was:
| /* confdefs.h */
| #define PACKAGE_NAME "libatomic_ops"
| #define PACKAGE_TARNAME "libatomic_ops"
| #define PACKAGE_VERSION "7.2alpha5"
| #define PACKAGE_STRING "libatomic_ops 7.2alpha5"
| #define PACKAGE_BUGREPORT ""
| #define PACKAGE_URL ""
| #define PACKAGE "libatomic_ops"
| #define VERSION "7.2alpha5"
| /* end confdefs.h.  */
| #include <ac_nonexistent.h>
configure:4085: result: gcc -E
configure:4105: gcc -E  conftest.c
configure:4105: $? = 0
configure:4119: gcc -E  conftest.c
conftest.c:11:28: error: ac_nonexistent.h: No such file or directory
configure:4119: $? = 1
configure: failed program was:
| /* confdefs.h */
| #define PACKAGE_NAME "libatomic_ops"
| #define PACKAGE_TARNAME "libatomic_ops"
| #define PACKAGE_VERSION "7.2alpha5"
| #define PACKAGE_STRING "libatomic_ops 7.2alpha5"
| #define PACKAGE_BUGREPORT ""
| #define PACKAGE_URL ""
| #define PACKAGE "libatomic_ops"
| #define VERSION "7.2alpha5"
| /* end confdefs.h.  */
| #include <ac_nonexistent.h>
configure:4148: checking for grep that handles long lines and -e
configure:4206: result: /usr/bin/grep
configure:4211: checking for egrep
configure:4273: result: /usr/bin/grep -E
configure:4278: checking for ANSI C header files
configure:4298: gcc -c -g -O2  conftest.c >&5
configure:4298: $? = 0
configure:4371: gcc -o conftest -g -O2   conftest.c  >&5
configure:4371: $? = 0
configure:4371: ./conftest
configure:4371: $? = 0
configure:4382: result: yes
configure:4395: checking for sys/types.h
configure:4395: gcc -c -g -O2  conftest.c >&5
configure:4395: $? = 0
configure:4395: result: yes
configure:4395: checking for sys/stat.h
configure:4395: gcc -c -g -O2  conftest.c >&5
configure:4395: $? = 0
configure:4395: result: yes
configure:4395: checking for stdlib.h
configure:4395: gcc -c -g -O2  conftest.c >&5
configure:4395: $? = 0
configure:4395: result: yes
configure:4395: checking for string.h
configure:4395: gcc -c -g -O2  conftest.c >&5
configure:4395: $? = 0
configure:4395: result: yes
configure:4395: checking for memory.h
configure:4395: gcc -c -g -O2  conftest.c >&5
configure:4395: $? = 0
configure:4395: result: yes
configure:4395: checking for strings.h
configure:4395: gcc -c -g -O2  conftest.c >&5
configure:4395: $? = 0
configure:4395: result: yes
configure:4395: checking for inttypes.h
configure:4395: gcc -c -g -O2  conftest.c >&5
configure:4395: $? = 0
configure:4395: result: yes
configure:4395: checking for stdint.h
configure:4395: gcc -c -g -O2  conftest.c >&5
configure:4395: $? = 0
configure:4395: result: yes
configure:4395: checking for unistd.h
configure:4395: gcc -c -g -O2  conftest.c >&5
configure:4395: $? = 0
configure:4395: result: yes
configure:4413: checking for stdlib.h
configure:4413: result: yes
configure:4413: checking for unistd.h
configure:4413: result: yes
configure:4413: checking for sys/param.h
configure:4413: gcc -c -g -O2  conftest.c >&5
configure:4413: $? = 0
configure:4413: result: yes
configure:4433: checking for getpagesize
configure:4433: gcc -o conftest -g -O2   conftest.c  >&5
configure:4433: $? = 0
configure:4433: result: yes
configure:4442: checking for working mmap
configure:4589: gcc -o conftest -g -O2   conftest.c  >&5
configure:4589: $? = 0
configure:4589: ./conftest
configure:4589: $? = 0
configure:4599: result: yes
configure:4610: checking for ANSI C header files
configure:4714: result: yes
configure:4727: checking Determining PIC compiler flag
configure:4730: result: -fPIC
configure:4922: creating ./config.status

## ---------------------- ##
## Running config.status. ##
## ---------------------- ##

This file was extended by libatomic_ops config.status 7.2alpha5, which was
generated by GNU Autoconf 2.68.  Invocation command line was

  CONFIG_FILES    = 
  CONFIG_HEADERS  = 
  CONFIG_LINKS    = 
  CONFIG_COMMANDS = 
  $ ./config.status 

on peach

config.status:897: creating Makefile
config.status:897: creating src/Makefile
config.status:897: creating src/atomic_ops/Makefile
config.status:897: creating src/atomic_ops/sysdeps/Makefile
config.status:897: creating doc/Makefile
config.status:897: creating tests/Makefile
config.status:897: creating src/config.h
config.status:1078: src/config.h is unchanged
config.status:1126: executing depfiles commands
config.status:1126: executing default commands

## ---------------- ##
## Cache variables. ##
## ---------------- ##

ac_cv_build=x86_64-apple-darwin10.7.4
ac_cv_c_compiler_gnu=yes
ac_cv_env_CCASFLAGS_set=
ac_cv_env_CCASFLAGS_value=
ac_cv_env_CCAS_set=
ac_cv_env_CCAS_value=
ac_cv_env_CC_set=
ac_cv_env_CC_value=
ac_cv_env_CFLAGS_set=
ac_cv_env_CFLAGS_value=
ac_cv_env_CPPFLAGS_set=
ac_cv_env_CPPFLAGS_value=
ac_cv_env_CPP_set=
ac_cv_env_CPP_value=
ac_cv_env_LDFLAGS_set=
ac_cv_env_LDFLAGS_value=
ac_cv_env_LIBS_set=
ac_cv_env_LIBS_value=
ac_cv_env_build_alias_set=
ac_cv_env_build_alias_value=
ac_cv_env_host_alias_set=
ac_cv_env_host_alias_value=
ac_cv_env_target_alias_set=
ac_cv_env_target_alias_value=
ac_cv_func_getpagesize=yes
ac_cv_func_mmap_fixed_mapped=yes
ac_cv_header_inttypes_h=yes
ac_cv_header_memory_h=yes
ac_cv_header_stdc=yes
ac_cv_header_stdint_h=yes
ac_cv_header_stdlib_h=yes
ac_cv_header_string_h=yes
ac_cv_header_strings_h=yes
ac_cv_header_sys_param_h=yes
ac_cv_header_sys_stat_h=yes
ac_cv_header_sys_types_h=yes
ac_cv_header_unistd_h=yes
ac_cv_host=x86_64-apple-darwin10.7.4
ac_cv_objext=o
ac_cv_path_EGREP='/usr/bin/grep -E'
ac_cv_path_GREP=/usr/bin/grep
ac_cv_path_install='/usr/bin/install -c'
ac_cv_prog_AWK=awk
ac_cv_prog_CPP='gcc -E'
ac_cv_prog_ac_ct_CC=gcc
ac_cv_prog_ac_ct_RANLIB=ranlib
ac_cv_prog_cc_c89=
ac_cv_prog_cc_g=yes
ac_cv_prog_cc_gcc_c_o=yes
ac_cv_prog_make_make_set=yes
ac_cv_target=x86_64-apple-darwin10.7.4
am_cv_CCAS_dependencies_compiler_type=gcc3
am_cv_CC_dependencies_compiler_type=gcc3

## ----------------- ##
## Output variables. ##
## ----------------- ##

ACLOCAL='${SHELL} /Users/arno/src/bdwgc/libatomic_ops/missing --run aclocal-1.11'
AMDEPBACKSLASH='\'
AMDEP_FALSE='#'
AMDEP_TRUE=''
AMTAR='${SHELL} /Users/arno/src/bdwgc/libatomic_ops/missing --run tar'
AUTOCONF='${SHELL} /Users/arno/src/bdwgc/libatomic_ops/missing --run autoconf'
AUTOHEADER='${SHELL} /Users/arno/src/bdwgc/libatomic_ops/missing --run autoheader'
AUTOMAKE='${SHELL} /Users/arno/src/bdwgc/libatomic_ops/missing --run automake-1.11'
AWK='awk'
CC='gcc'
CCAS='gcc'
CCASDEPMODE='depmode=gcc3'
CCASFLAGS='-g -O2'
CCDEPMODE='depmode=gcc3'
CFLAGS='-g -O2 -DNDEBUG'
CPP='gcc -E'
CPPFLAGS=''
CYGPATH_W='echo'
DEFS='-DHAVE_CONFIG_H'
DEPDIR='.deps'
ECHO_C='\c'
ECHO_N=''
ECHO_T=''
EGREP='/usr/bin/grep -E'
EXEEXT=''
GREP='/usr/bin/grep'
INSTALL_DATA='${INSTALL} -m 644'
INSTALL_PROGRAM='${INSTALL}'
INSTALL_SCRIPT='${INSTALL}'
INSTALL_STRIP_PROGRAM='$(install_sh) -c -s'
LDFLAGS=''
LIBOBJS=''
LIBS=''
LTLIBOBJS=''
MAKEINFO='${SHELL} /Users/arno/src/bdwgc/libatomic_ops/missing --run makeinfo'
MKDIR_P='./install-sh -c -d'
NEED_ASM_FALSE=''
NEED_ASM_TRUE='#'
OBJEXT='o'
PACKAGE='libatomic_ops'
PACKAGE_BUGREPORT=''
PACKAGE_NAME='libatomic_ops'
PACKAGE_STRING='libatomic_ops 7.2alpha5'
PACKAGE_TARNAME='libatomic_ops'
PACKAGE_URL=''
PACKAGE_VERSION='7.2alpha5'
PATH_SEPARATOR=':'
PICFLAG='-fPIC'
RANLIB='ranlib'
SET_MAKE=''
SHELL='/bin/sh'
STRIP=''
VERSION='7.2alpha5'
ac_ct_CC='gcc'
am__EXEEXT_FALSE=''
am__EXEEXT_TRUE='#'
am__fastdepCCAS_FALSE='#'
am__fastdepCCAS_TRUE=''
am__fastdepCC_FALSE='#'
am__fastdepCC_TRUE=''
am__include='include'
am__isrc=''
am__leading_dot='.'
am__quote=''
am__tar='${AMTAR} chof - "$$tardir"'
am__untar='${AMTAR} xf -'
bindir='${exec_prefix}/bin'
build='x86_64-apple-darwin10.7.4'
build_alias=''
build_cpu='x86_64'
build_os='darwin10.7.4'
build_vendor='apple'
datadir='${datarootdir}'
datarootdir='${prefix}/share'
docdir='${datarootdir}/doc/${PACKAGE_TARNAME}'
dvidir='${docdir}'
exec_prefix='${prefix}'
host='x86_64-apple-darwin10.7.4'
host_alias=''
host_cpu='x86_64'
host_os='darwin10.7.4'
host_vendor='apple'
htmldir='${docdir}'
includedir='${prefix}/include'
infodir='${datarootdir}/info'
install_sh='${SHELL} /Users/arno/src/bdwgc/libatomic_ops/install-sh'
libdir='${exec_prefix}/lib'
libexecdir='${exec_prefix}/libexec'
localedir='${datarootdir}/locale'
localstatedir='${prefix}/var'
mandir='${datarootdir}/man'
mkdir_p='$(top_builddir)/./install-sh -c -d'
oldincludedir='/usr/include'
pdfdir='${docdir}'
prefix='/usr/local'
program_transform_name='s,x,x,'
psdir='${docdir}'
sbindir='${exec_prefix}/sbin'
sharedstatedir='${prefix}/com'
sysconfdir='${prefix}/etc'
target='x86_64-apple-darwin10.7.4'
target_alias=''
target_cpu='x86_64'
target_os='darwin10.7.4'
target_vendor='apple'

## ----------- ##
## confdefs.h. ##
## ----------- ##

/* confdefs.h */
#define PACKAGE_NAME "libatomic_ops"
#define PACKAGE_TARNAME "libatomic_ops"
#define PACKAGE_VERSION "7.2alpha5"
#define PACKAGE_STRING "libatomic_ops 7.2alpha5"
#define PACKAGE_BUGREPORT ""
#define PACKAGE_URL ""
#define PACKAGE "libatomic_ops"
#define VERSION "7.2alpha5"
#define STDC_HEADERS 1
#define HAVE_SYS_TYPES_H 1
#define HAVE_SYS_STAT_H 1
#define HAVE_STDLIB_H 1
#define HAVE_STRING_H 1
#define HAVE_MEMORY_H 1
#define HAVE_STRINGS_H 1
#define HAVE_INTTYPES_H 1
#define HAVE_STDINT_H 1
#define HAVE_UNISTD_H 1
#define HAVE_STDLIB_H 1
#define HAVE_UNISTD_H 1
#define HAVE_SYS_PARAM_H 1
#define HAVE_GETPAGESIZE 1
#define HAVE_MMAP 1
#define STDC_HEADERS 1

configure: exit 0
